<?xml version="1.0" encoding="UTF-8"?>
<testng-results ignored="0" total="1" passed="1" failed="0" skipped="0">
  <reporter-output>
  </reporter-output>
  <suite started-at="2024-12-10T18:02:09 WIB" name="Surefire suite" finished-at="2024-12-10T18:02:15 WIB" duration-ms="6567">
    <groups>
    </groups>
    <test started-at="2024-12-10T18:02:09 WIB" name="Surefire test" finished-at="2024-12-10T18:02:15 WIB" duration-ms="6567">
      <class name="com.example.selenium.AppTest">
        <test-method is-config="true" signature="setUp()[pri:0, instance:com.example.selenium.AppTest@60dcc9fe]" started-at="2024-12-10T18:02:09 WIB" name="setUp" finished-at="2024-12-10T18:02:13 WIB" duration-ms="4238" status="PASS">
          <reporter-output>
          </reporter-output>
        </test-method> <!-- setUp -->
        <test-method signature="testFormSubmission()[pri:0, instance:com.example.selenium.AppTest@60dcc9fe]" started-at="2024-12-10T18:02:13 WIB" name="testFormSubmission" finished-at="2024-12-10T18:02:14 WIB" duration-ms="1215" status="PASS">
          <reporter-output>
          </reporter-output>
        </test-method> <!-- testFormSubmission -->
        <test-method is-config="true" signature="tearDown()[pri:0, instance:com.example.selenium.AppTest@60dcc9fe]" started-at="2024-12-10T18:02:14 WIB" name="tearDown" finished-at="2024-12-10T18:02:15 WIB" duration-ms="1026" status="PASS">
          <reporter-output>
          </reporter-output>
        </test-method> <!-- tearDown -->
      </class> <!-- com.example.selenium.AppTest -->
    </test> <!-- Surefire test -->
  </suite> <!-- Surefire suite -->
</testng-results>
