<?xml version="1.0" encoding="UTF-8"?>
<testsuite xmlns:xsi="http://www.w3.org/2001/XMLSchema-instance" xsi:noNamespaceSchemaLocation="https://maven.apache.org/surefire/maven-surefire-plugin/xsd/surefire-test-report.xsd" name="TestSuite" time="38.178" tests="2" errors="0" skipped="0" failures="1">
  <properties>
[...]
</properties>
  <testcase name="testFormSubmission" classname="com.example.selenium.AppTest" time="2.355"/>
  <testcase name="testRegisterFormSubmission" classname="com.example.selenium.JoyTest" time="20.897">
    <failure message="Expected condition failed: waiting for visibility of element located by By.xpath: //input[@id=&apos;form-textbox-1734430502429-0&apos;] (tried for 10 second(s) with 500 milliseconds interval)&#10;Build info: version: &apos;4.27.0&apos;, revision: &apos;d6e718d134&apos;&#10;System info: os.name: &apos;Windows 11&apos;, os.arch: &apos;amd64&apos;, os.version: &apos;10.0&apos;, java.version: &apos;19.0.2&apos;&#10;Driver info: org.openqa.selenium.chrome.ChromeDriver&#10;Capabilities {acceptInsecureCerts: false, browserName: chrome, browserVersion: 131.0.6778.141, chrome: {chromedriverVersion: 131.0.6778.108 (3b014839fbc..., userDataDir: C:\Users\Lenovo\AppData\Loc...}, fedcm:accounts: true, goog:chromeOptions: {debuggerAddress: localhost:50769}, networkConnectionEnabled: false, pageLoadStrategy: normal, platformName: windows, proxy: Proxy(), se:cdp: ws://localhost:50769/devtoo..., se:cdpVersion: 131.0.6778.141, setWindowRect: true, strictFileInteractability: false, timeouts: {implicit: 0, pageLoad: 300000, script: 30000}, unhandledPromptBehavior: dismiss and notify, webauthn:extension:credBlob: true, webauthn:extension:largeBlob: true, webauthn:extension:minPinLength: true, webauthn:extension:prf: true, webauthn:virtualAuthenticators: true}&#10;Session ID: ec547a07bb5931191efde5f89c1afd9e" type="org.openqa.selenium.TimeoutException">org.openqa.selenium.TimeoutException: 
Expected condition failed: waiting for visibility of element located by By.xpath: //input[@id='form-textbox-1734430502429-0'] (tried for 10 second(s) with 500 milliseconds interval)
Build info: version: '4.27.0', revision: 'd6e718d134'
System info: os.name: 'Windows 11', os.arch: 'amd64', os.version: '10.0', java.version: '19.0.2'
Driver info: org.openqa.selenium.chrome.ChromeDriver
Capabilities {acceptInsecureCerts: false, browserName: chrome, browserVersion: 131.0.6778.141, chrome: {chromedriverVersion: 131.0.6778.108 (3b014839fbc..., userDataDir: C:\Users\Lenovo\AppData\Loc...}, fedcm:accounts: true, goog:chromeOptions: {debuggerAddress: localhost:50769}, networkConnectionEnabled: false, pageLoadStrategy: normal, platformName: windows, proxy: Proxy(), se:cdp: ws://localhost:50769/devtoo..., se:cdpVersion: 131.0.6778.141, setWindowRect: true, strictFileInteractability: false, timeouts: {implicit: 0, pageLoad: 300000, script: 30000}, unhandledPromptBehavior: dismiss and notify, webauthn:extension:credBlob: true, webauthn:extension:largeBlob: true, webauthn:extension:minPinLength: true, webauthn:extension:prf: true, webauthn:virtualAuthenticators: true}
Session ID: ec547a07bb5931191efde5f89c1afd9e
	at com.example.selenium.JoyTest.fillFirstName(JoyTest.java:108)
	at com.example.selenium.JoyTest.testRegisterFormSubmission(JoyTest.java:39)
</failure>
    <system-out><![CDATA[Current URL: https://www.apple.com/
Clicked shopping bag icon
Clicked account navigation
Current URL after navigation: https://secure8.store.apple.com/shop/signIn/account?ssi=1AAABk922EVEgjVKyFunr8fOB3GZyRR4fEwlHHscS8KG1Nv7UhPy477IAAAAzaHR0cHM6Ly9zZWN1cmU4LnN0b3JlLmFwcGxlLmNvbS9zaG9wL2FjY291bnQvaG9tZXx8AAIBBadrLXoPaZPQLn-6wQJfGrmnmsWi8rdMpIJutJsSQQc
Jumlah iframe: 1
Berada di dalam iframe
Clicked Create Account
Current URL: https://secure8.store.apple.com/shop/signIn/account?ssi=1AAABk922EVEgjVKyFunr8fOB3GZyRR4fEwlHHscS8KG1Nv7UhPy477IAAAAzaHR0cHM6Ly9zZWN1cmU4LnN0b3JlLmFwcGxlLmNvbS9zaG9wL2FjY291bnQvaG9tZXx8AAIBBadrLXoPaZPQLn-6wQJfGrmnmsWi8rdMpIJutJsSQQc
Switched to new window
Current URL: https://account.apple.com/account
Jumlah iframe: 0
Tidak ada iframe ditemukan.
]]></system-out>
  </testcase>
</testsuite>